<?xml version="1.0" encoding="UTF-8"?>
<!-- Generated by org.testng.reporters.JUnitReportReporter -->
<testsuite hostname="DESKTOP-IGRGRBK" failures="0" tests="1" name="testPackage.Framework_Developement_with_PageObjectModel" time="72.476" errors="0" timestamp="2024-04-02T14:35:13 IST" skipped="0">
  <testcase classname="testPackage.Framework_Developement_with_PageObjectModel" name="testFrameworkDevelopment" time="72.476"/>
</testsuite> <!-- testPackage.Framework_Developement_with_PageObjectModel -->
