<?xml version="1.0" encoding="UTF-8"?>
<!-- Generated by org.testng.reporters.JUnitReportReporter -->
<testsuite hostname="DESKTOP-IGRGRBK" failures="0" tests="1" name="testPackage.Framework_Developement_using_HTML_Report" time="89.938" errors="0" timestamp="2024-04-02T18:29:11 IST" skipped="0">
  <testcase classname="testPackage.Framework_Developement_using_HTML_Report" name="HTMLreports" time="89.938"/>
</testsuite> <!-- testPackage.Framework_Developement_using_HTML_Report -->
